Build started 6/19/2014 10:27:05 PM.
     1>Project "E:\Dropbox\POC 2\PLS\CudaPLS\CudaPLS.vcxproj" on node 2 (Build target(s)).
     1>AddCudaCompileDeps:
         C:\Program Files (x86)\Microsoft Visual Studio 11.0\VC\bin\cl.exe /E /nologo /showIncludes /TP /D__CUDACC__ /DWIN32 /DNDEBUG /D_CONSOLE /D_MBCS /I"C:\Program Files\NVIDIA GPU Computing Toolkit\CUDA\v6.0\include" /I"C:\Program Files\NVIDIA GPU Computing Toolkit\CUDA\v6.0\bin" /I"C:\Program Files\NVIDIA GPU Computing Toolkit\CUDA\v6.0\include" /I. /FIcuda_runtime.h /c "E:\Dropbox\POC 2\PLS\CudaPLS\cuda_pls.cu" 
       CudaBuild:
         Compiling CUDA source file cuda_pls.cu...
         cmd.exe /C "C:\Users\AntonioCarlos\AppData\Local\Temp\tmpdda725c8736042299da64b5bad9c73cc.cmd"
         "C:\Program Files\NVIDIA GPU Computing Toolkit\CUDA\v6.0\bin\nvcc.exe" -gencode=arch=compute_10,code=\"sm_10,compute_10\" --use-local-env --cl-version 2012 -ccbin "C:\Program Files (x86)\Microsoft Visual Studio 11.0\VC\bin"  -I"C:\Program Files\NVIDIA GPU Computing Toolkit\CUDA\v6.0\include" -I"C:\Program Files\NVIDIA GPU Computing Toolkit\CUDA\v6.0\include"     --keep-dir Release -maxrregcount=0  --machine 32 --compile -cudart static     -DWIN32 -DNDEBUG -D_CONSOLE -D_MBCS -Xcompiler "/EHsc /W3 /nologo /O2 /Zi  /MD  " -o Temp\Release\cuda_pls.cu.obj "E:\Dropbox\POC 2\PLS\CudaPLS\cuda_pls.cu"
         
         E:\Dropbox\POC 2\PLS\CudaPLS>"C:\Program Files\NVIDIA GPU Computing Toolkit\CUDA\v6.0\bin\nvcc.exe" -gencode=arch=compute_10,code=\"sm_10,compute_10\" --use-local-env --cl-version 2012 -ccbin "C:\Program Files (x86)\Microsoft Visual Studio 11.0\VC\bin"  -I"C:\Program Files\NVIDIA GPU Computing Toolkit\CUDA\v6.0\include" -I"C:\Program Files\NVIDIA GPU Computing Toolkit\CUDA\v6.0\include"     --keep-dir Release -maxrregcount=0  --machine 32 --compile -cudart static     -DWIN32 -DNDEBUG -D_CONSOLE -D_MBCS -Xcompiler "/EHsc /W3 /nologo /O2 /Zi  /MD  " -o Temp\Release\cuda_pls.cu.obj "E:\Dropbox\POC 2\PLS\CudaPLS\cuda_pls.cu" 
     1>nvcc : warning : The 'compute_10' and 'sm_10' architectures are deprecated, and may be removed in a future release.
     1>E:\Dropbox\POC 2\PLS\libs\opencv_v2-4-9_32bits\include\opencv2/core/types_c.h(320): warning : variable "t" is used before its value is set
     1>E:\Dropbox\POC 2\PLS\libs\opencv_v2-4-9_32bits\include\opencv2/ml/ml.hpp(955): warning : overloaded virtual function "CvDTree::train" is only partially overridden in class "CvForestTree"
     1>E:\Dropbox\POC 2\PLS\libs\opencv_v2-4-9_32bits\include\opencv2/ml/ml.hpp(1143): warning : overloaded virtual function "CvDTree::train" is only partially overridden in class "CvBoostTree"
     1>E:\Dropbox\POC 2\PLS\libs\opencv_v2-4-9_32bits\include\opencv2/core/types_c.h(320): warning : variable "t" is used before its value is set
     1>E:\Dropbox\POC 2\PLS\libs\opencv_v2-4-9_32bits\include\opencv2/ml/ml.hpp(955): warning : overloaded virtual function "CvDTree::train" is only partially overridden in class "CvForestTree"
     1>E:\Dropbox\POC 2\PLS\libs\opencv_v2-4-9_32bits\include\opencv2/ml/ml.hpp(1143): warning : overloaded virtual function "CvDTree::train" is only partially overridden in class "CvBoostTree"
         cuda_pls.cu
     1>e:\dropbox\poc 2\pls\cudapls\util.h(46): warning C4244: 'return' : conversion from '__int64' to 'int', possible loss of data
     1>E:/Dropbox/POC 2/PLS/CudaPLS/cuda_pls.cu(57): warning C4244: '=' : conversion from 'int' to 'float', possible loss of data
     1>E:/Dropbox/POC 2/PLS/CudaPLS/cuda_pls.cu(419): warning C4244: '=' : conversion from 'double' to 'float', possible loss of data
     1>E:/Dropbox/POC 2/PLS/CudaPLS/cuda_pls.cu(420): warning C4244: '=' : conversion from 'double' to 'float', possible loss of data
     1>E:/Dropbox/POC 2/PLS/CudaPLS/cuda_pls.cu(443): warning C4018: '<' : signed/unsigned mismatch
     1>E:/Dropbox/POC 2/PLS/CudaPLS/cuda_pls.cu(472): warning C4244: '=' : conversion from 'int' to 'float', possible loss of data
     1>E:/Dropbox/POC 2/PLS/CudaPLS/cuda_pls.cu(477): warning C4244: 'initializing' : conversion from 'float' to 'long', possible loss of data
       ClCompile:
         C:\Program Files (x86)\Microsoft Visual Studio 11.0\VC\bin\CL.exe /c /I"C:\Program Files\NVIDIA GPU Computing Toolkit\CUDA\v6.0\include" /Zi /nologo /W3 /WX- /O2 /Oi /Oy- /GL /D WIN32 /D NDEBUG /D _CONSOLE /D _MBCS /Gm- /EHsc /MD /GS /Gy /fp:precise /Zc:wchar_t /Zc:forScope /Fo"Temp\Release\\" /Fd"Temp\Release\vc110.pdb" /Gd /TP /analyze- /errorReport:prompt main.cpp
         main.cpp
     1>Done Building Project "E:\Dropbox\POC 2\PLS\CudaPLS\CudaPLS.vcxproj" (Build target(s)) -- FAILED.

Build FAILED.

Time Elapsed 00:00:21.77
