Build started 20/08/2014 01:46:47.
     1>Project "C:\Users\grupo diego\Dropbox_DIEGO\Dropbox\POC 2\PLS\CudaPLS\CudaPLS.vcxproj" on node 2 (Build target(s)).
     1>ClCompile:
         C:\Program Files\Microsoft Visual Studio 11.0\VC\bin\CL.exe /c /I"C:\Program Files\NVIDIA GPU Computing Toolkit\CUDA\v6.0\include" /Zi /nologo /W3 /WX- /O2 /Oi /Oy- /GL /D WIN32 /D NDEBUG /D _CONSOLE /D _MBCS /Gm- /EHsc /MD /GS /Gy /fp:precise /Zc:wchar_t /Zc:forScope /Fo"Temp\Release\\" /Fd"Temp\Release\vc110.pdb" /Gd /TP /analyze- /errorReport:prompt main.cpp
         main.cpp
     1>c:\users\grupo diego\dropbox_diego\dropbox\poc 2\pls\libs\opencv_v2-4-9_32bits\include\opencv2\flann\logger.h(66): warning C4996: 'fopen': This function or variable may be unsafe. Consider using fopen_s instead. To disable deprecation, use _CRT_SECURE_NO_WARNINGS. See online help for details.
                 C:\Program Files\Microsoft Visual Studio 11.0\VC\include\stdio.h(218) : see declaration of 'fopen'
       Link:
         C:\Program Files\Microsoft Visual Studio 11.0\VC\bin\link.exe /ERRORREPORT:PROMPT /OUT:"C:\Users\grupo diego\Dropbox_DIEGO\Dropbox\POC 2\PLS\CudaPLS\\Release\CudaPLS.exe" /NOLOGO /LIBPATH:"C:\Program Files\NVIDIA GPU Computing Toolkit\CUDA\v6.0\lib\Win32" cudart.lib cublas.lib cublas_device.lib kernel32.lib user32.lib gdi32.lib winspool.lib comdlg32.lib advapi32.lib shell32.lib ole32.lib oleaut32.lib uuid.lib odbc32.lib odbccp32.lib opencv_core249.lib opencv_imgproc249.lib opencv_highgui249.lib opencv_ml249.lib opencv_video249.lib opencv_features2d249.lib opencv_calib3d249.lib opencv_objdetect249.lib opencv_contrib249.lib opencv_legacy249.lib opencv_flann249.lib kernel32.lib user32.lib gdi32.lib winspool.lib comdlg32.lib advapi32.lib shell32.lib ole32.lib oleaut32.lib uuid.lib odbc32.lib odbccp32.lib /MANIFEST /MANIFESTUAC:"level='asInvoker' uiAccess='false'" /manifest:embed /DEBUG /PDB:"C:\Users\grupo diego\Dropbox_DIEGO\Dropbox\POC 2\PLS\CudaPLS\\Release\CudaPLS.pdb" /SUBSYSTEM:CONSOLE /OPT:REF /OPT:ICF /LTCG /TLBID:1 /DYNAMICBASE /NXCOMPAT /IMPLIB:"C:\Users\grupo diego\Dropbox_DIEGO\Dropbox\POC 2\PLS\CudaPLS\\Release\CudaPLS.lib" /MACHINE:X86 /SAFESEH Temp\Release\PLSCuda.cu.obj
         Temp\Release\FeatureExtractionClustering.obj
         Temp\Release\main.obj
         Temp\Release\PLS.obj
         Temp\Release\PLSCpu.obj
         Temp\Release\PLSCublas.obj
         Generating code
         Finished generating code
         CudaPLS.vcxproj -> C:\Users\grupo diego\Dropbox_DIEGO\Dropbox\POC 2\PLS\CudaPLS\\Release\CudaPLS.exe
       PostBuildEvent:
         echo copy "C:\Program Files\NVIDIA GPU Computing Toolkit\CUDA\v6.0\bin\cudart*.dll" "C:\Users\grupo diego\Dropbox_DIEGO\Dropbox\POC 2\PLS\CudaPLS\\Release\"
         copy "C:\Program Files\NVIDIA GPU Computing Toolkit\CUDA\v6.0\bin\cudart*.dll" "C:\Users\grupo diego\Dropbox_DIEGO\Dropbox\POC 2\PLS\CudaPLS\\Release\"
         :VCEnd
         copy "C:\Program Files\NVIDIA GPU Computing Toolkit\CUDA\v6.0\bin\cudart*.dll" "C:\Users\grupo diego\Dropbox_DIEGO\Dropbox\POC 2\PLS\CudaPLS\\Release\"
         C:\Program Files\NVIDIA GPU Computing Toolkit\CUDA\v6.0\bin\cudart32_60.dll
                 1 file(s) copied.
     1>Done Building Project "C:\Users\grupo diego\Dropbox_DIEGO\Dropbox\POC 2\PLS\CudaPLS\CudaPLS.vcxproj" (Build target(s)).

Build succeeded.

Time Elapsed 00:00:05.42
