C:\USERS\GRUPO DIEGO\DROPBOX_DIEGO\DROPBOX\POC 2\PLS\CUDAPLS\TEMP\RELEASE\PLSCUBLAS.OBJ
C:\USERS\GRUPO DIEGO\DROPBOX_DIEGO\DROPBOX\POC 2\PLS\CUDAPLS\TEMP\RELEASE\PLSCPU.OBJ
C:\USERS\GRUPO DIEGO\DROPBOX_DIEGO\DROPBOX\POC 2\PLS\CUDAPLS\TEMP\RELEASE\PLS.OBJ
C:\USERS\GRUPO DIEGO\DROPBOX_DIEGO\DROPBOX\POC 2\PLS\CUDAPLS\TEMP\RELEASE\MAIN.OBJ
C:\USERS\GRUPO DIEGO\DROPBOX_DIEGO\DROPBOX\POC 2\PLS\CUDAPLS\TEMP\RELEASE\FEATUREEXTRACTIONCLUSTERING.OBJ
C:\USERS\GRUPO DIEGO\DROPBOX_DIEGO\DROPBOX\POC 2\PLS\CUDAPLS\TEMP\RELEASE\VC110.PDB
C:\USERS\GRUPO DIEGO\DROPBOX_DIEGO\DROPBOX\POC 2\PLS\CUDAPLS\RELEASE\CUDAPLS.EXE
C:\USERS\GRUPO DIEGO\DROPBOX_DIEGO\DROPBOX\POC 2\PLS\CUDAPLS\RELEASE\CUDAPLS.PDB
C:\Users\grupo diego\Dropbox_DIEGO\Dropbox\POC 2\PLS\CudaPLS\Temp\Release\PLSCuda.cu.cache
C:\Users\grupo diego\Dropbox_DIEGO\Dropbox\POC 2\PLS\CudaPLS\Temp\Release\FeatureExtractionClustering.obj
C:\Users\grupo diego\Dropbox_DIEGO\Dropbox\POC 2\PLS\CudaPLS\Temp\Release\main.obj
C:\Users\grupo diego\Dropbox_DIEGO\Dropbox\POC 2\PLS\CudaPLS\Temp\Release\PLS.obj
C:\Users\grupo diego\Dropbox_DIEGO\Dropbox\POC 2\PLS\CudaPLS\Temp\Release\PLSCpu.obj
C:\Users\grupo diego\Dropbox_DIEGO\Dropbox\POC 2\PLS\CudaPLS\Temp\Release\PLSCublas.obj
C:\Users\grupo diego\Dropbox_DIEGO\Dropbox\POC 2\PLS\CudaPLS\Temp\Release\PLSCuda.cu.obj
C:\Users\grupo diego\Dropbox_DIEGO\Dropbox\POC 2\PLS\CudaPLS\Temp\Release\cl.command.1.tlog
C:\Users\grupo diego\Dropbox_DIEGO\Dropbox\POC 2\PLS\CudaPLS\Temp\Release\CL.read.1.tlog
C:\Users\grupo diego\Dropbox_DIEGO\Dropbox\POC 2\PLS\CudaPLS\Temp\Release\CL.write.1.tlog
C:\Users\grupo diego\Dropbox_DIEGO\Dropbox\POC 2\PLS\CudaPLS\Temp\Release\link-cvtres.read.1.tlog
C:\Users\grupo diego\Dropbox_DIEGO\Dropbox\POC 2\PLS\CudaPLS\Temp\Release\link-cvtres.write.1.tlog
C:\Users\grupo diego\Dropbox_DIEGO\Dropbox\POC 2\PLS\CudaPLS\Temp\Release\link-rc.read.1.tlog
C:\Users\grupo diego\Dropbox_DIEGO\Dropbox\POC 2\PLS\CudaPLS\Temp\Release\link-rc.write.1.tlog
C:\Users\grupo diego\Dropbox_DIEGO\Dropbox\POC 2\PLS\CudaPLS\Temp\Release\link.command.1.tlog
C:\Users\grupo diego\Dropbox_DIEGO\Dropbox\POC 2\PLS\CudaPLS\Temp\Release\link.read.1.tlog
C:\Users\grupo diego\Dropbox_DIEGO\Dropbox\POC 2\PLS\CudaPLS\Temp\Release\link.write.1.tlog
C:\Users\grupo diego\Dropbox_DIEGO\Dropbox\POC 2\PLS\CudaPLS\Temp\Release\vc110.pdb
C:\Users\grupo diego\Dropbox_DIEGO\Dropbox\POC 2\PLS\CudaPLS\\Release\CudaPLS.pdb
C:\Users\grupo diego\Dropbox_DIEGO\Dropbox\POC 2\PLS\CudaPLS\\Release\CudaPLS.exe
